Flow report for g07_lab5
Tue Dec 06 00:19:48 2011
Quartus II Version 9.0 Build 235 06/17/2009 Service Pack 2 SJ Full Version


---------------------
; Table of Contents ;
---------------------
  1. Legal Notice
  2. Flow Summary
  3. Flow Settings
  4. Flow Non-Default Global Settings
  5. Flow Elapsed Time
  6. Flow OS Summary
  7. Flow Log



----------------
; Legal Notice ;
----------------
Copyright (C) 1991-2009 Altera Corporation
Your use of Altera Corporation's design tools, logic functions 
and other software and tools, and its AMPP partner logic 
functions, and any output files from any of the foregoing 
(including device programming or simulation files), and any 
associated documentation or information are expressly subject 
to the terms and conditions of the Altera Program License 
Subscription Agreement, Altera MegaCore Function License 
Agreement, or other applicable license agreement, including, 
without limitation, that your use is for the sole purpose of 
programming logic devices manufactured by Altera and sold by 
Altera or its authorized distributors.  Please refer to the 
applicable agreement for further details.



+------------------------------------------------------------------------------------+
; Flow Summary                                                                       ;
+------------------------------------+-----------------------------------------------+
; Flow Status                        ; Successful - Tue Dec 06 00:19:48 2011         ;
; Quartus II Version                 ; 9.0 Build 235 06/17/2009 SP 2 SJ Full Version ;
; Revision Name                      ; g07_lab5                                      ;
; Top-level Entity Name              ; g07_complete_game2                            ;
; Family                             ; Cyclone II                                    ;
; Device                             ; EP2C20F484C7                                  ;
; Timing Models                      ; Final                                         ;
; Met timing requirements            ; Yes                                           ;
; Total logic elements               ; 3,417 / 18,752 ( 18 % )                       ;
;     Total combinational functions  ; 3,403 / 18,752 ( 18 % )                       ;
;     Dedicated logic registers      ; 404 / 18,752 ( 2 % )                          ;
; Total registers                    ; 404                                           ;
; Total pins                         ; 43 / 315 ( 14 % )                             ;
; Total virtual pins                 ; 0                                             ;
; Total memory bits                  ; 1,400 / 239,616 ( < 1 % )                     ;
; Embedded Multiplier 9-bit elements ; 0 / 52 ( 0 % )                                ;
; Total PLLs                         ; 0 / 4 ( 0 % )                                 ;
+------------------------------------+-----------------------------------------------+


+-----------------------------------------+
; Flow Settings                           ;
+-------------------+---------------------+
; Option            ; Setting             ;
+-------------------+---------------------+
; Start date & time ; 12/06/2011 00:17:50 ;
; Main task         ; Compilation         ;
; Revision Name     ; g07_lab5            ;
+-------------------+---------------------+


+-------------------------------------------------------------------------------------------------------------------------------------+
; Flow Non-Default Global Settings                                                                                                    ;
+------------------------------------+------------------------------------------+---------------+--------------------+----------------+
; Assignment Name                    ; Value                                    ; Default Value ; Entity Name        ; Section Id     ;
+------------------------------------+------------------------------------------+---------------+--------------------+----------------+
; COMPILER_SIGNATURE_ID              ; 132129495421963.132314866903200          ; --            ; --                 ; --             ;
; MAX_CORE_JUNCTION_TEMP             ; 85                                       ; --            ; --                 ; --             ;
; MIN_CORE_JUNCTION_TEMP             ; 0                                        ; --            ; --                 ; --             ;
; MISC_FILE                          ; P:/altera/dsd/projects/lab5/g07_lab5.dpf ; --            ; --                 ; --             ;
; PARTITION_COLOR                    ; 16764057                                 ; --            ; g07_complete_game2 ; Top            ;
; PARTITION_NETLIST_TYPE             ; SOURCE                                   ; --            ; g07_complete_game2 ; Top            ;
; TOP_LEVEL_ENTITY                   ; g07_complete_game2                       ; g07_lab5      ; --                 ; --             ;
; USE_GENERATED_PHYSICAL_CONSTRAINTS ; Off                                      ; --            ; --                 ; eda_blast_fpga ;
+------------------------------------+------------------------------------------+---------------+--------------------+----------------+


+-----------------------------------------------------------------------------------------------------------------------------+
; Flow Elapsed Time                                                                                                           ;
+-------------------------+--------------+-------------------------+---------------------+------------------------------------+
; Module Name             ; Elapsed Time ; Average Processors Used ; Peak Virtual Memory ; Total CPU Time (on all processors) ;
+-------------------------+--------------+-------------------------+---------------------+------------------------------------+
; Analysis & Synthesis    ; 00:01:28     ; 1.0                     ; 253 MB              ; 00:01:23                           ;
; Fitter                  ; 00:00:16     ; 1.0                     ; 278 MB              ; 00:00:13                           ;
; Assembler               ; 00:00:06     ; 1.0                     ; 223 MB              ; 00:00:02                           ;
; Classic Timing Analyzer ; 00:00:06     ; 1.0                     ; 179 MB              ; 00:00:02                           ;
; Total                   ; 00:01:56     ; --                      ; --                  ; 00:01:40                           ;
+-------------------------+--------------+-------------------------+---------------------+------------------------------------+


+------------------------------------------------------------------------------------------+
; Flow OS Summary                                                                          ;
+-------------------------+------------------+---------------+------------+----------------+
; Module Name             ; Machine Hostname ; OS Name       ; OS Version ; Processor type ;
+-------------------------+------------------+---------------+------------+----------------+
; Analysis & Synthesis    ; 156TR4060DS-918  ; Windows Vista ; 6.1        ; i686           ;
; Fitter                  ; 156TR4060DS-918  ; Windows Vista ; 6.1        ; i686           ;
; Assembler               ; 156TR4060DS-918  ; Windows Vista ; 6.1        ; i686           ;
; Classic Timing Analyzer ; 156TR4060DS-918  ; Windows Vista ; 6.1        ; i686           ;
+-------------------------+------------------+---------------+------------+----------------+


------------
; Flow Log ;
------------
quartus_map --read_settings_files=on --write_settings_files=off g07_lab5 -c g07_lab5
quartus_fit --read_settings_files=off --write_settings_files=off g07_lab5 -c g07_lab5
quartus_asm --read_settings_files=off --write_settings_files=off g07_lab5 -c g07_lab5
quartus_tan --read_settings_files=off --write_settings_files=off g07_lab5 -c g07_lab5 --timing_analysis_only



